<?xml version="1.0" encoding="UTF-8"?>
<testsuite hostname="VAIO-VAIO" name="testSuiteB.TestB1" tests="3" failures="1" timestamp="12 Oct 2015 14:16:54 GMT" time="0.008" errors="0">
  <testcase name="testB1_1" time="0.0" classname="testSuiteB.TestB1"/>
  <testcase name="testB1_2" time="0.001" classname="testSuiteB.TestB1"/>
  <testcase name="testB1_3" time="0.001" classname="testSuiteB.TestB1">
    <failure type="java.lang.AssertionError" message="failed test case ">
      <![CDATA[java.lang.AssertionError: failed test case 
	at testSuiteB.TestB1.testB1_3(TestB1.java:22)
... Removed 26 stack frames]]>
    </failure>
  </testcase>
</testsuite>
